<?xml version="1.0" encoding="UTF-8"?>
<coverage generated="1542277968190" clover="3.2.0">
  <project timestamp="1542277968190" name="All files">
    <metrics statements="184" coveredstatements="156" conditionals="83" coveredconditionals="70" methods="45" coveredmethods="33" elements="312" coveredelements="259" complexity="0" loc="184" ncloc="184" packages="1" files="5" classes="5">
      <file name="dataset_utils.js" path="/Applications/XAMPP/xamppfiles/htdocs/2DAW/2DAW/DesarrolloWebEntornoCliente/testing/Actividad_Grupal/ClienteTesting/buggy_code/app/data/dataset_utils.js">
        <metrics statements="20" coveredstatements="19" conditionals="39" coveredconditionals="38" methods="4" coveredmethods="4"/>
        <line num="4" count="1" type="stmt"/>
        <line num="83" count="19933" type="cond" truecount="8" falsecount="0"/>
        <line num="89" count="5347" type="stmt"/>
        <line num="91" count="14586" type="stmt"/>
        <line num="104" count="24792" type="cond" truecount="9" falsecount="0"/>
        <line num="111" count="11326" type="stmt"/>
        <line num="113" count="13466" type="stmt"/>
        <line num="122" count="33939" type="cond" truecount="15" falsecount="0"/>
        <line num="135" count="18294" type="stmt"/>
        <line num="137" count="15645" type="stmt"/>
        <line num="146" count="17984" type="cond" truecount="2" falsecount="0"/>
        <line num="147" count="2029" type="stmt"/>
        <line num="148" count="15955" type="cond" truecount="4" falsecount="1"/>
        <line num="149" count="0" type="stmt"/>
        <line num="151" count="15955" type="stmt"/>
        <line num="154" count="1" type="stmt"/>
        <line num="155" count="1" type="stmt"/>
        <line num="156" count="1" type="stmt"/>
        <line num="157" count="1" type="stmt"/>
        <line num="158" count="1" type="stmt"/>
      </file>
      <file name="json_reader.js" path="/Applications/XAMPP/xamppfiles/htdocs/2DAW/2DAW/DesarrolloWebEntornoCliente/testing/Actividad_Grupal/ClienteTesting/buggy_code/app/data/json_reader.js">
        <metrics statements="19" coveredstatements="16" conditionals="2" coveredconditionals="0" methods="2" coveredmethods="2"/>
        <line num="1" count="1" type="stmt"/>
        <line num="2" count="1" type="stmt"/>
        <line num="3" count="1" type="stmt"/>
        <line num="4" count="1" type="stmt"/>
        <line num="12" count="2" type="stmt"/>
        <line num="13" count="2" type="stmt"/>
        <line num="14" count="17984" type="stmt"/>
        <line num="15" count="17984" type="stmt"/>
        <line num="16" count="17984" type="stmt"/>
        <line num="18" count="2" type="stmt"/>
        <line num="28" count="2" type="stmt"/>
        <line num="29" count="2" type="stmt"/>
        <line num="30" count="2" type="stmt"/>
        <line num="33" count="0" type="cond" truecount="0" falsecount="2"/>
        <line num="34" count="0" type="stmt"/>
        <line num="36" count="0" type="stmt"/>
        <line num="38" count="2" type="stmt"/>
        <line num="41" count="1" type="stmt"/>
        <line num="42" count="1" type="stmt"/>
      </file>
      <file name="league.js" path="/Applications/XAMPP/xamppfiles/htdocs/2DAW/2DAW/DesarrolloWebEntornoCliente/testing/Actividad_Grupal/ClienteTesting/buggy_code/app/data/league.js">
        <metrics statements="22" coveredstatements="20" conditionals="4" coveredconditionals="3" methods="5" coveredmethods="4"/>
        <line num="1" count="1" type="stmt"/>
        <line num="12" count="5" type="stmt"/>
        <line num="13" count="5" type="stmt"/>
        <line num="14" count="5" type="stmt"/>
        <line num="15" count="5" type="stmt"/>
        <line num="25" count="13" type="cond" truecount="2" falsecount="0"/>
        <line num="26" count="1" type="stmt"/>
        <line num="28" count="12" type="stmt"/>
        <line num="38" count="0" type="stmt"/>
        <line num="52" count="1" type="cond" truecount="1" falsecount="1"/>
        <line num="53" count="0" type="stmt"/>
        <line num="56" count="1" type="stmt"/>
        <line num="57" count="1" type="stmt"/>
        <line num="58" count="1" type="stmt"/>
        <line num="60" count="179810" type="stmt"/>
        <line num="63" count="10" type="stmt"/>
        <line num="65" count="10" type="stmt"/>
        <line num="66" count="10" type="stmt"/>
        <line num="67" count="10" type="stmt"/>
        <line num="71" count="10" type="stmt"/>
        <line num="73" count="1" type="stmt"/>
        <line num="77" count="1" type="stmt"/>
      </file>
      <file name="player.js" path="/Applications/XAMPP/xamppfiles/htdocs/2DAW/2DAW/DesarrolloWebEntornoCliente/testing/Actividad_Grupal/ClienteTesting/buggy_code/app/data/player.js">
        <metrics statements="45" coveredstatements="40" conditionals="12" coveredconditionals="12" methods="14" coveredmethods="9"/>
        <line num="1" count="1" type="stmt"/>
        <line num="2" count="1" type="stmt"/>
        <line num="3" count="1" type="stmt"/>
        <line num="4" count="1" type="stmt"/>
        <line num="5" count="1" type="stmt"/>
        <line num="6" count="1" type="stmt"/>
        <line num="17" count="17984" type="stmt"/>
        <line num="28" count="17984" type="stmt"/>
        <line num="29" count="17984" type="stmt"/>
        <line num="30" count="17984" type="stmt"/>
        <line num="31" count="17984" type="stmt"/>
        <line num="32" count="17984" type="stmt"/>
        <line num="33" count="17984" type="stmt"/>
        <line num="34" count="17984" type="stmt"/>
        <line num="36" count="17984" type="stmt"/>
        <line num="37" count="17984" type="stmt"/>
        <line num="38" count="17984" type="stmt"/>
        <line num="39" count="17984" type="stmt"/>
        <line num="40" count="85626" type="cond" truecount="6" falsecount="0"/>
        <line num="41" count="44875" type="stmt"/>
        <line num="42" count="85626" type="cond" truecount="2" falsecount="0"/>
        <line num="43" count="6860" type="stmt"/>
        <line num="45" count="78766" type="stmt"/>
        <line num="47" count="17984" type="stmt"/>
        <line num="48" count="17984" type="stmt"/>
        <line num="49" count="17984" type="stmt"/>
        <line num="50" count="17984" type="stmt"/>
        <line num="51" count="17984" type="stmt"/>
        <line num="52" count="17984" type="stmt"/>
        <line num="53" count="17984" type="stmt"/>
        <line num="63" count="23069623" type="stmt"/>
        <line num="71" count="23069623" type="stmt"/>
        <line num="79" count="23069623" type="stmt"/>
        <line num="87" count="23069623" type="stmt"/>
        <line num="95" count="14106" type="stmt"/>
        <line num="103" count="0" type="stmt"/>
        <line num="111" count="0" type="stmt"/>
        <line num="119" count="0" type="stmt"/>
        <line num="127" count="0" type="stmt"/>
        <line num="135" count="155167" type="stmt"/>
        <line num="143" count="0" type="stmt"/>
        <line num="152" count="70527" type="cond" truecount="4" falsecount="0"/>
        <line num="153" count="7" type="stmt"/>
        <line num="155" count="70520" type="stmt"/>
        <line num="159" count="1" type="stmt"/>
      </file>
      <file name="team.js" path="/Applications/XAMPP/xamppfiles/htdocs/2DAW/2DAW/DesarrolloWebEntornoCliente/testing/Actividad_Grupal/ClienteTesting/buggy_code/app/data/team.js">
        <metrics statements="78" coveredstatements="61" conditionals="26" coveredconditionals="17" methods="20" coveredmethods="14"/>
        <line num="11" count="1286" type="stmt"/>
        <line num="12" count="1286" type="stmt"/>
        <line num="13" count="1286" type="stmt"/>
        <line num="21" count="0" type="stmt"/>
        <line num="29" count="0" type="stmt"/>
        <line num="37" count="0" type="stmt"/>
        <line num="47" count="14113" type="stmt"/>
        <line num="48" count="70527" type="cond" truecount="2" falsecount="0"/>
        <line num="49" count="7" type="stmt"/>
        <line num="52" count="14106" type="stmt"/>
        <line num="60" count="0" type="stmt"/>
        <line num="69" count="14113" type="cond" truecount="2" falsecount="0"/>
        <line num="70" count="14106" type="stmt"/>
        <line num="71" count="14106" type="stmt"/>
        <line num="72" count="14106" type="stmt"/>
        <line num="74" count="7" type="stmt"/>
        <line num="82" count="5132" type="stmt"/>
        <line num="83" count="14113" type="stmt"/>
        <line num="92" count="0" type="stmt"/>
        <line num="93" count="0" type="stmt"/>
        <line num="94" count="0" type="stmt"/>
        <line num="96" count="0" type="stmt"/>
        <line num="104" count="10" type="stmt"/>
        <line num="105" count="10" type="stmt"/>
        <line num="106" count="10" type="stmt"/>
        <line num="118" count="10" type="stmt"/>
        <line num="120" count="10" type="cond" truecount="1" falsecount="1"/>
        <line num="121" count="0" type="stmt"/>
        <line num="125" count="10" type="cond" truecount="1" falsecount="1"/>
        <line num="126" count="0" type="stmt"/>
        <line num="130" count="30" type="stmt"/>
        <line num="131" count="10" type="stmt"/>
        <line num="133" count="10" type="stmt"/>
        <line num="134" count="30" type="cond" truecount="1" falsecount="1"/>
        <line num="135" count="0" type="stmt"/>
        <line num="137" count="30" type="stmt"/>
        <line num="140" count="10" type="cond" truecount="1" falsecount="1"/>
        <line num="141" count="0" type="stmt"/>
        <line num="146" count="10" type="stmt"/>
        <line num="158" count="5132" type="cond" truecount="1" falsecount="1"/>
        <line num="159" count="0" type="stmt"/>
        <line num="161" count="5132" type="stmt"/>
        <line num="162" count="5132" type="stmt"/>
        <line num="164" count="5132" type="stmt"/>
        <line num="165" count="14113" type="stmt"/>
        <line num="166" count="14113" type="stmt"/>
        <line num="167" count="14113" type="stmt"/>
        <line num="169" count="5132" type="stmt"/>
        <line num="182" count="10" type="stmt"/>
        <line num="183" count="10" type="stmt"/>
        <line num="184" count="10" type="stmt"/>
        <line num="185" count="10" type="stmt"/>
        <line num="186" count="10" type="stmt"/>
        <line num="188" count="10" type="cond" truecount="1" falsecount="1"/>
        <line num="189" count="0" type="stmt"/>
        <line num="191" count="10" type="cond" truecount="1" falsecount="1"/>
        <line num="192" count="0" type="stmt"/>
        <line num="194" count="10" type="cond" truecount="1" falsecount="1"/>
        <line num="195" count="0" type="stmt"/>
        <line num="197" count="10" type="cond" truecount="1" falsecount="1"/>
        <line num="198" count="0" type="stmt"/>
        <line num="202" count="10" type="stmt"/>
        <line num="203" count="1283" type="stmt"/>
        <line num="204" count="1283" type="stmt"/>
        <line num="206" count="1283" type="stmt"/>
        <line num="207" count="23069623" type="stmt"/>
        <line num="208" count="23069623" type="stmt"/>
        <line num="209" count="23069623" type="stmt"/>
        <line num="210" count="23069623" type="stmt"/>
        <line num="213" count="5132" type="stmt"/>
        <line num="215" count="5132" type="stmt"/>
        <line num="217" count="5132" type="stmt"/>
        <line num="219" count="5132" type="stmt"/>
        <line num="221" count="14113" type="stmt"/>
        <line num="223" count="5132" type="stmt"/>
        <line num="225" count="5132" type="cond" truecount="4" falsecount="0"/>
        <line num="227" count="10" type="stmt"/>
        <line num="235" count="1" type="stmt"/>
      </file>
    </metrics>
  </project>
</coverage>
