{"/Applications/XAMPP/xamppfiles/htdocs/2DAW/2DAW/DesarrolloWebEntornoCliente/testing/Actividad_Grupal/ClienteTesting/buggy_code/app/data/dataset_utils.js": {"path":"/Applications/XAMPP/xamppfiles/htdocs/2DAW/2DAW/DesarrolloWebEntornoCliente/testing/Actividad_Grupal/ClienteTesting/buggy_code/app/data/dataset_utils.js","statementMap":{"0":{"start":{"line":4,"column":16},"end":{"line":74,"column":1}},"1":{"start":{"line":83,"column":4},"end":{"line":90,"column":5}},"2":{"start":{"line":89,"column":8},"end":{"line":89,"column":20}},"3":{"start":{"line":91,"column":4},"end":{"line":91,"column":17}},"4":{"start":{"line":104,"column":4},"end":{"line":112,"column":5}},"5":{"start":{"line":111,"column":8},"end":{"line":111,"column":20}},"6":{"start":{"line":113,"column":4},"end":{"line":113,"column":17}},"7":{"start":{"line":122,"column":4},"end":{"line":136,"column":5}},"8":{"start":{"line":135,"column":8},"end":{"line":135,"column":20}},"9":{"start":{"line":137,"column":4},"end":{"line":137,"column":17}},"10":{"start":{"line":146,"column":4},"end":{"line":150,"column":5}},"11":{"start":{"line":147,"column":8},"end":{"line":147,"column":20}},"12":{"start":{"line":148,"column":11},"end":{"line":150,"column":5}},"13":{"start":{"line":149,"column":8},"end":{"line":149,"column":20}},"14":{"start":{"line":151,"column":4},"end":{"line":151,"column":17}},"15":{"start":{"line":154,"column":0},"end":{"line":154,"column":37}},"16":{"start":{"line":155,"column":0},"end":{"line":155,"column":36}},"17":{"start":{"line":156,"column":0},"end":{"line":156,"column":24}},"18":{"start":{"line":157,"column":0},"end":{"line":157,"column":30}},"19":{"start":{"line":158,"column":0},"end":{"line":158,"column":36}}},"fnMap":{"0":{"name":"isForward","decl":{"start":{"line":81,"column":9},"end":{"line":81,"column":18}},"loc":{"start":{"line":81,"column":38},"end":{"line":96,"column":1}},"line":81},"1":{"name":"isBack","decl":{"start":{"line":103,"column":9},"end":{"line":103,"column":15}},"loc":{"start":{"line":103,"column":36},"end":{"line":114,"column":1}},"line":103},"2":{"name":"isMidfielder","decl":{"start":{"line":121,"column":9},"end":{"line":121,"column":21}},"loc":{"start":{"line":121,"column":42},"end":{"line":138,"column":1}},"line":121},"3":{"name":"isGoalKeeper","decl":{"start":{"line":145,"column":9},"end":{"line":145,"column":21}},"loc":{"start":{"line":145,"column":42},"end":{"line":152,"column":1}},"line":145}},"branchMap":{"0":{"loc":{"start":{"line":83,"column":4},"end":{"line":90,"column":5}},"type":"if","locations":[{"start":{"line":83,"column":4},"end":{"line":90,"column":5}},{"start":{"line":83,"column":4},"end":{"line":90,"column":5}}],"line":83},"1":{"loc":{"start":{"line":83,"column":7},"end":{"line":88,"column":50}},"type":"binary-expr","locations":[{"start":{"line":83,"column":7},"end":{"line":83,"column":55}},{"start":{"line":84,"column":4},"end":{"line":84,"column":50}},{"start":{"line":85,"column":4},"end":{"line":85,"column":51}},{"start":{"line":86,"column":4},"end":{"line":86,"column":45}},{"start":{"line":87,"column":4},"end":{"line":87,"column":51}},{"start":{"line":88,"column":4},"end":{"line":88,"column":50}}],"line":83},"2":{"loc":{"start":{"line":104,"column":4},"end":{"line":112,"column":5}},"type":"if","locations":[{"start":{"line":104,"column":4},"end":{"line":112,"column":5}},{"start":{"line":104,"column":4},"end":{"line":112,"column":5}}],"line":104},"3":{"loc":{"start":{"line":104,"column":7},"end":{"line":110,"column":54}},"type":"binary-expr","locations":[{"start":{"line":104,"column":7},"end":{"line":104,"column":53}},{"start":{"line":105,"column":4},"end":{"line":105,"column":48}},{"start":{"line":106,"column":4},"end":{"line":106,"column":55}},{"start":{"line":107,"column":4},"end":{"line":107,"column":53}},{"start":{"line":108,"column":4},"end":{"line":108,"column":49}},{"start":{"line":109,"column":4},"end":{"line":109,"column":56}},{"start":{"line":110,"column":4},"end":{"line":110,"column":54}}],"line":104},"4":{"loc":{"start":{"line":122,"column":4},"end":{"line":136,"column":5}},"type":"if","locations":[{"start":{"line":122,"column":4},"end":{"line":136,"column":5}},{"start":{"line":122,"column":4},"end":{"line":136,"column":5}}],"line":122},"5":{"loc":{"start":{"line":122,"column":7},"end":{"line":134,"column":48}},"type":"binary-expr","locations":[{"start":{"line":122,"column":7},"end":{"line":122,"column":69}},{"start":{"line":123,"column":4},"end":{"line":123,"column":66}},{"start":{"line":124,"column":4},"end":{"line":124,"column":56}},{"start":{"line":125,"column":4},"end":{"line":125,"column":64}},{"start":{"line":126,"column":4},"end":{"line":126,"column":61}},{"start":{"line":127,"column":4},"end":{"line":127,"column":64}},{"start":{"line":128,"column":4},"end":{"line":128,"column":54}},{"start":{"line":129,"column":4},"end":{"line":129,"column":65}},{"start":{"line":130,"column":4},"end":{"line":130,"column":62}},{"start":{"line":131,"column":4},"end":{"line":131,"column":65}},{"start":{"line":132,"column":4},"end":{"line":132,"column":55}},{"start":{"line":133,"column":4},"end":{"line":133,"column":49}},{"start":{"line":134,"column":4},"end":{"line":134,"column":48}}],"line":122},"6":{"loc":{"start":{"line":146,"column":4},"end":{"line":150,"column":5}},"type":"if","locations":[{"start":{"line":146,"column":4},"end":{"line":150,"column":5}},{"start":{"line":146,"column":4},"end":{"line":150,"column":5}}],"line":146},"7":{"loc":{"start":{"line":148,"column":11},"end":{"line":150,"column":5}},"type":"if","locations":[{"start":{"line":148,"column":11},"end":{"line":150,"column":5}},{"start":{"line":148,"column":11},"end":{"line":150,"column":5}}],"line":148},"8":{"loc":{"start":{"line":148,"column":14},"end":{"line":148,"column":115}},"type":"binary-expr","locations":[{"start":{"line":148,"column":14},"end":{"line":148,"column":48}},{"start":{"line":148,"column":52},"end":{"line":148,"column":80}},{"start":{"line":148,"column":84},"end":{"line":148,"column":115}}],"line":148}},"s":{"0":1,"1":19933,"2":5347,"3":14586,"4":24792,"5":11326,"6":13466,"7":33939,"8":18294,"9":15645,"10":17984,"11":2029,"12":15955,"13":0,"14":15955,"15":1,"16":1,"17":1,"18":1,"19":1},"f":{"0":19933,"1":24792,"2":33939,"3":17984},"b":{"0":[5347,14586],"1":[19933,19481,19481,19481,14586,14586],"2":[11326,13466],"3":[24792,18113,15428,15428,15365,13514,13514],"4":[18294,15645],"5":[33939,29377,24605,22079,22079,22079,22079,18769,18769,18769,18769,16897,16039],"6":[2029,15955],"7":[0,15955],"8":[15955,6808,1949]},"_coverageSchema":"332fd63041d2c1bcb487cc26dd0d5f7d97098a6c","hash":"fc09508bcf4c56d0ac1d469689dc32820d4bc39c"}
,"/Applications/XAMPP/xamppfiles/htdocs/2DAW/2DAW/DesarrolloWebEntornoCliente/testing/Actividad_Grupal/ClienteTesting/buggy_code/app/data/json_reader.js": {"path":"/Applications/XAMPP/xamppfiles/htdocs/2DAW/2DAW/DesarrolloWebEntornoCliente/testing/Actividad_Grupal/ClienteTesting/buggy_code/app/data/json_reader.js","statementMap":{"0":{"start":{"line":1,"column":11},"end":{"line":1,"column":24}},"1":{"start":{"line":2,"column":22},"end":{"line":2,"column":65}},"2":{"start":{"line":3,"column":19},"end":{"line":3,"column":44}},"3":{"start":{"line":4,"column":16},"end":{"line":4,"column":42}},"4":{"start":{"line":12,"column":21},"end":{"line":12,"column":23}},"5":{"start":{"line":13,"column":4},"end":{"line":17,"column":5}},"6":{"start":{"line":14,"column":17},"end":{"line":14,"column":48}},"7":{"start":{"line":15,"column":24},"end":{"line":15,"column":63}},"8":{"start":{"line":16,"column":8},"end":{"line":16,"column":35}},"9":{"start":{"line":18,"column":4},"end":{"line":18,"column":22}},"10":{"start":{"line":28,"column":21},"end":{"line":28,"column":30}},"11":{"start":{"line":29,"column":4},"end":{"line":37,"column":5}},"12":{"start":{"line":30,"column":8},"end":{"line":30,"column":42}},"13":{"start":{"line":33,"column":8},"end":{"line":36,"column":53}},"14":{"start":{"line":34,"column":12},"end":{"line":34,"column":62}},"15":{"start":{"line":36,"column":13},"end":{"line":36,"column":53}},"16":{"start":{"line":38,"column":4},"end":{"line":38,"column":22}},"17":{"start":{"line":41,"column":0},"end":{"line":41,"column":36}},"18":{"start":{"line":42,"column":0},"end":{"line":42,"column":55}}},"fnMap":{"0":{"name":"extractDataFromRawJSON","decl":{"start":{"line":11,"column":9},"end":{"line":11,"column":31}},"loc":{"start":{"line":11,"column":43},"end":{"line":19,"column":1}},"line":11},"1":{"name":"readJSONData","decl":{"start":{"line":27,"column":9},"end":{"line":27,"column":21}},"loc":{"start":{"line":27,"column":31},"end":{"line":39,"column":1}},"line":27}},"branchMap":{"0":{"loc":{"start":{"line":33,"column":8},"end":{"line":36,"column":53}},"type":"if","locations":[{"start":{"line":33,"column":8},"end":{"line":36,"column":53}},{"start":{"line":33,"column":8},"end":{"line":36,"column":53}}],"line":33}},"s":{"0":1,"1":1,"2":1,"3":1,"4":2,"5":2,"6":17984,"7":17984,"8":17984,"9":2,"10":2,"11":2,"12":2,"13":0,"14":0,"15":0,"16":2,"17":1,"18":1},"f":{"0":2,"1":2},"b":{"0":[0,0]},"_coverageSchema":"332fd63041d2c1bcb487cc26dd0d5f7d97098a6c","hash":"5573566c4b1aa82674681e6d1ec1d6f02f47cfad"}
,"/Applications/XAMPP/xamppfiles/htdocs/2DAW/2DAW/DesarrolloWebEntornoCliente/testing/Actividad_Grupal/ClienteTesting/buggy_code/app/data/league.js": {"path":"/Applications/XAMPP/xamppfiles/htdocs/2DAW/2DAW/DesarrolloWebEntornoCliente/testing/Actividad_Grupal/ClienteTesting/buggy_code/app/data/league.js","statementMap":{"0":{"start":{"line":1,"column":13},"end":{"line":1,"column":35}},"1":{"start":{"line":12,"column":8},"end":{"line":12,"column":37}},"2":{"start":{"line":13,"column":8},"end":{"line":13,"column":43}},"3":{"start":{"line":14,"column":8},"end":{"line":14,"column":29}},"4":{"start":{"line":15,"column":8},"end":{"line":15,"column":32}},"5":{"start":{"line":25,"column":8},"end":{"line":27,"column":9}},"6":{"start":{"line":26,"column":12},"end":{"line":26,"column":58}},"7":{"start":{"line":28,"column":8},"end":{"line":28,"column":34}},"8":{"start":{"line":38,"column":8},"end":{"line":38,"column":27}},"9":{"start":{"line":52,"column":8},"end":{"line":54,"column":9}},"10":{"start":{"line":53,"column":12},"end":{"line":53,"column":67}},"11":{"start":{"line":56,"column":24},"end":{"line":56,"column":49}},"12":{"start":{"line":57,"column":30},"end":{"line":57,"column":39}},"13":{"start":{"line":58,"column":8},"end":{"line":72,"column":9}},"14":{"start":{"line":60,"column":35},"end":{"line":60,"column":90}},"15":{"start":{"line":60,"column":61},"end":{"line":60,"column":89}},"16":{"start":{"line":63,"column":28},"end":{"line":63,"column":86}},"17":{"start":{"line":65,"column":23},"end":{"line":65,"column":108}},"18":{"start":{"line":66,"column":12},"end":{"line":66,"column":32}},"19":{"start":{"line":67,"column":12},"end":{"line":67,"column":49}},"20":{"start":{"line":71,"column":12},"end":{"line":71,"column":36}},"21":{"start":{"line":73,"column":8},"end":{"line":73,"column":25}},"22":{"start":{"line":77,"column":0},"end":{"line":77,"column":24}}},"fnMap":{"0":{"name":"(anonymous_0)","decl":{"start":{"line":11,"column":4},"end":{"line":11,"column":5}},"loc":{"start":{"line":11,"column":30},"end":{"line":16,"column":5}},"line":11},"1":{"name":"(anonymous_1)","decl":{"start":{"line":23,"column":4},"end":{"line":23,"column":5}},"loc":{"start":{"line":23,"column":17},"end":{"line":29,"column":5}},"line":23},"2":{"name":"(anonymous_2)","decl":{"start":{"line":37,"column":4},"end":{"line":37,"column":5}},"loc":{"start":{"line":37,"column":20},"end":{"line":39,"column":5}},"line":37},"3":{"name":"(anonymous_3)","decl":{"start":{"line":50,"column":4},"end":{"line":50,"column":5}},"loc":{"start":{"line":50,"column":81},"end":{"line":74,"column":5}},"line":50},"4":{"name":"(anonymous_4)","decl":{"start":{"line":60,"column":53},"end":{"line":60,"column":54}},"loc":{"start":{"line":60,"column":61},"end":{"line":60,"column":89}},"line":60}},"branchMap":{"0":{"loc":{"start":{"line":25,"column":8},"end":{"line":27,"column":9}},"type":"if","locations":[{"start":{"line":25,"column":8},"end":{"line":27,"column":9}},{"start":{"line":25,"column":8},"end":{"line":27,"column":9}}],"line":25},"1":{"loc":{"start":{"line":52,"column":8},"end":{"line":54,"column":9}},"type":"if","locations":[{"start":{"line":52,"column":8},"end":{"line":54,"column":9}},{"start":{"line":52,"column":8},"end":{"line":54,"column":9}}],"line":52}},"s":{"0":1,"1":5,"2":5,"3":5,"4":5,"5":13,"6":1,"7":12,"8":0,"9":1,"10":0,"11":1,"12":1,"13":1,"14":10,"15":179810,"16":10,"17":10,"18":10,"19":10,"20":10,"21":1,"22":1},"f":{"0":5,"1":13,"2":0,"3":1,"4":179810},"b":{"0":[1,12],"1":[0,1]},"_coverageSchema":"332fd63041d2c1bcb487cc26dd0d5f7d97098a6c","hash":"7c0598f8f0622c10e2b11da830fd1380224eba65"}
,"/Applications/XAMPP/xamppfiles/htdocs/2DAW/2DAW/DesarrolloWebEntornoCliente/testing/Actividad_Grupal/ClienteTesting/buggy_code/app/data/player.js": {"path":"/Applications/XAMPP/xamppfiles/htdocs/2DAW/2DAW/DesarrolloWebEntornoCliente/testing/Actividad_Grupal/ClienteTesting/buggy_code/app/data/player.js","statementMap":{"0":{"start":{"line":1,"column":22},"end":{"line":1,"column":48}},"1":{"start":{"line":2,"column":18},"end":{"line":2,"column":48}},"2":{"start":{"line":3,"column":21},"end":{"line":3,"column":47}},"3":{"start":{"line":4,"column":21},"end":{"line":4,"column":47}},"4":{"start":{"line":5,"column":18},"end":{"line":5,"column":41}},"5":{"start":{"line":6,"column":15},"end":{"line":6,"column":35}},"6":{"start":{"line":17,"column":8},"end":{"line":17,"column":27}},"7":{"start":{"line":28,"column":21},"end":{"line":28,"column":41}},"8":{"start":{"line":29,"column":8},"end":{"line":29,"column":52}},"9":{"start":{"line":30,"column":8},"end":{"line":30,"column":49}},"10":{"start":{"line":31,"column":8},"end":{"line":31,"column":55}},"11":{"start":{"line":32,"column":8},"end":{"line":32,"column":47}},"12":{"start":{"line":33,"column":8},"end":{"line":33,"column":49}},"13":{"start":{"line":34,"column":8},"end":{"line":34,"column":63}},"14":{"start":{"line":36,"column":22},"end":{"line":36,"column":56}},"15":{"start":{"line":37,"column":18},"end":{"line":37,"column":20}},"16":{"start":{"line":38,"column":19},"end":{"line":38,"column":21}},"17":{"start":{"line":39,"column":8},"end":{"line":46,"column":9}},"18":{"start":{"line":40,"column":12},"end":{"line":41,"column":34}},"19":{"start":{"line":41,"column":16},"end":{"line":41,"column":34}},"20":{"start":{"line":42,"column":12},"end":{"line":45,"column":29}},"21":{"start":{"line":43,"column":16},"end":{"line":43,"column":31}},"22":{"start":{"line":45,"column":16},"end":{"line":45,"column":29}},"23":{"start":{"line":47,"column":8},"end":{"line":47,"column":44}},"24":{"start":{"line":48,"column":33},"end":{"line":48,"column":94}},"25":{"start":{"line":49,"column":8},"end":{"line":49,"column":64}},"26":{"start":{"line":50,"column":8},"end":{"line":50,"column":52}},"27":{"start":{"line":51,"column":8},"end":{"line":51,"column":58}},"28":{"start":{"line":52,"column":8},"end":{"line":52,"column":64}},"29":{"start":{"line":53,"column":8},"end":{"line":53,"column":22}},"30":{"start":{"line":63,"column":8},"end":{"line":63,"column":34}},"31":{"start":{"line":71,"column":8},"end":{"line":71,"column":31}},"32":{"start":{"line":79,"column":8},"end":{"line":79,"column":28}},"33":{"start":{"line":87,"column":8},"end":{"line":87,"column":34}},"34":{"start":{"line":95,"column":8},"end":{"line":95,"column":26}},"35":{"start":{"line":103,"column":8},"end":{"line":103,"column":28}},"36":{"start":{"line":111,"column":8},"end":{"line":111,"column":25}},"37":{"start":{"line":119,"column":8},"end":{"line":119,"column":24}},"38":{"start":{"line":127,"column":8},"end":{"line":127,"column":25}},"39":{"start":{"line":135,"column":8},"end":{"line":135,"column":23}},"40":{"start":{"line":143,"column":8},"end":{"line":143,"column":28}},"41":{"start":{"line":152,"column":8},"end":{"line":154,"column":9}},"42":{"start":{"line":153,"column":12},"end":{"line":153,"column":24}},"43":{"start":{"line":155,"column":8},"end":{"line":155,"column":21}},"44":{"start":{"line":159,"column":0},"end":{"line":159,"column":24}}},"fnMap":{"0":{"name":"(anonymous_0)","decl":{"start":{"line":16,"column":4},"end":{"line":16,"column":5}},"loc":{"start":{"line":16,"column":26},"end":{"line":18,"column":5}},"line":16},"1":{"name":"(anonymous_1)","decl":{"start":{"line":26,"column":4},"end":{"line":26,"column":5}},"loc":{"start":{"line":26,"column":55},"end":{"line":54,"column":5}},"line":26},"2":{"name":"(anonymous_2)","decl":{"start":{"line":62,"column":4},"end":{"line":62,"column":5}},"loc":{"start":{"line":62,"column":19},"end":{"line":64,"column":5}},"line":62},"3":{"name":"(anonymous_3)","decl":{"start":{"line":70,"column":4},"end":{"line":70,"column":5}},"loc":{"start":{"line":70,"column":16},"end":{"line":72,"column":5}},"line":70},"4":{"name":"(anonymous_4)","decl":{"start":{"line":78,"column":4},"end":{"line":78,"column":5}},"loc":{"start":{"line":78,"column":13},"end":{"line":80,"column":5}},"line":78},"5":{"name":"(anonymous_5)","decl":{"start":{"line":86,"column":4},"end":{"line":86,"column":5}},"loc":{"start":{"line":86,"column":19},"end":{"line":88,"column":5}},"line":86},"6":{"name":"(anonymous_6)","decl":{"start":{"line":94,"column":4},"end":{"line":94,"column":5}},"loc":{"start":{"line":94,"column":15},"end":{"line":96,"column":5}},"line":94},"7":{"name":"(anonymous_7)","decl":{"start":{"line":102,"column":4},"end":{"line":102,"column":5}},"loc":{"start":{"line":102,"column":21},"end":{"line":104,"column":5}},"line":102},"8":{"name":"(anonymous_8)","decl":{"start":{"line":110,"column":4},"end":{"line":110,"column":5}},"loc":{"start":{"line":110,"column":14},"end":{"line":112,"column":5}},"line":110},"9":{"name":"(anonymous_9)","decl":{"start":{"line":118,"column":4},"end":{"line":118,"column":5}},"loc":{"start":{"line":118,"column":13},"end":{"line":120,"column":5}},"line":118},"10":{"name":"(anonymous_10)","decl":{"start":{"line":126,"column":4},"end":{"line":126,"column":5}},"loc":{"start":{"line":126,"column":14},"end":{"line":128,"column":5}},"line":126},"11":{"name":"(anonymous_11)","decl":{"start":{"line":134,"column":4},"end":{"line":134,"column":5}},"loc":{"start":{"line":134,"column":12},"end":{"line":136,"column":5}},"line":134},"12":{"name":"(anonymous_12)","decl":{"start":{"line":142,"column":4},"end":{"line":142,"column":5}},"loc":{"start":{"line":142,"column":17},"end":{"line":144,"column":5}},"line":142},"13":{"name":"(anonymous_13)","decl":{"start":{"line":151,"column":4},"end":{"line":151,"column":5}},"loc":{"start":{"line":151,"column":16},"end":{"line":156,"column":5}},"line":151}},"branchMap":{"0":{"loc":{"start":{"line":40,"column":12},"end":{"line":41,"column":34}},"type":"if","locations":[{"start":{"line":40,"column":12},"end":{"line":41,"column":34}},{"start":{"line":40,"column":12},"end":{"line":41,"column":34}}],"line":40},"1":{"loc":{"start":{"line":40,"column":16},"end":{"line":40,"column":100}},"type":"binary-expr","locations":[{"start":{"line":40,"column":16},"end":{"line":40,"column":34}},{"start":{"line":40,"column":38},"end":{"line":40,"column":56}},{"start":{"line":40,"column":60},"end":{"line":40,"column":78}},{"start":{"line":40,"column":82},"end":{"line":40,"column":100}}],"line":40},"2":{"loc":{"start":{"line":42,"column":12},"end":{"line":45,"column":29}},"type":"if","locations":[{"start":{"line":42,"column":12},"end":{"line":45,"column":29}},{"start":{"line":42,"column":12},"end":{"line":45,"column":29}}],"line":42},"3":{"loc":{"start":{"line":152,"column":8},"end":{"line":154,"column":9}},"type":"if","locations":[{"start":{"line":152,"column":8},"end":{"line":154,"column":9}},{"start":{"line":152,"column":8},"end":{"line":154,"column":9}}],"line":152},"4":{"loc":{"start":{"line":152,"column":12},"end":{"line":152,"column":72}},"type":"binary-expr","locations":[{"start":{"line":152,"column":12},"end":{"line":152,"column":41}},{"start":{"line":152,"column":45},"end":{"line":152,"column":72}}],"line":152}},"s":{"0":1,"1":1,"2":1,"3":1,"4":1,"5":1,"6":17984,"7":17984,"8":17984,"9":17984,"10":17984,"11":17984,"12":17984,"13":17984,"14":17984,"15":17984,"16":17984,"17":17984,"18":85626,"19":44875,"20":85626,"21":6860,"22":78766,"23":17984,"24":17984,"25":17984,"26":17984,"27":17984,"28":17984,"29":17984,"30":23069623,"31":23069623,"32":23069623,"33":23069623,"34":14106,"35":0,"36":0,"37":0,"38":0,"39":155167,"40":0,"41":70527,"42":7,"43":70520,"44":1},"f":{"0":17984,"1":17984,"2":23069623,"3":23069623,"4":23069623,"5":23069623,"6":14106,"7":0,"8":0,"9":0,"10":0,"11":155167,"12":0,"13":70527},"b":{"0":[44875,40751],"1":[85626,67642,60782,49914],"2":[6860,78766],"3":[7,70520],"4":[70527,70527]},"_coverageSchema":"332fd63041d2c1bcb487cc26dd0d5f7d97098a6c","hash":"94c8f512c7c8f21d2e9b97deecf4b9f2ff226926"}
,"/Applications/XAMPP/xamppfiles/htdocs/2DAW/2DAW/DesarrolloWebEntornoCliente/testing/Actividad_Grupal/ClienteTesting/buggy_code/app/data/team.js": {"path":"/Applications/XAMPP/xamppfiles/htdocs/2DAW/2DAW/DesarrolloWebEntornoCliente/testing/Actividad_Grupal/ClienteTesting/buggy_code/app/data/team.js","statementMap":{"0":{"start":{"line":11,"column":8},"end":{"line":11,"column":33}},"1":{"start":{"line":12,"column":8},"end":{"line":12,"column":39}},"2":{"start":{"line":13,"column":8},"end":{"line":13,"column":27}},"3":{"start":{"line":21,"column":8},"end":{"line":21,"column":29}},"4":{"start":{"line":29,"column":8},"end":{"line":29,"column":30}},"5":{"start":{"line":37,"column":8},"end":{"line":37,"column":40}},"6":{"start":{"line":47,"column":8},"end":{"line":51,"column":9}},"7":{"start":{"line":48,"column":12},"end":{"line":50,"column":13}},"8":{"start":{"line":49,"column":16},"end":{"line":49,"column":28}},"9":{"start":{"line":52,"column":8},"end":{"line":52,"column":21}},"10":{"start":{"line":60,"column":8},"end":{"line":60,"column":39}},"11":{"start":{"line":69,"column":8},"end":{"line":73,"column":9}},"12":{"start":{"line":70,"column":12},"end":{"line":70,"column":42}},"13":{"start":{"line":71,"column":12},"end":{"line":71,"column":48}},"14":{"start":{"line":72,"column":12},"end":{"line":72,"column":24}},"15":{"start":{"line":74,"column":8},"end":{"line":74,"column":21}},"16":{"start":{"line":82,"column":8},"end":{"line":84,"column":9}},"17":{"start":{"line":83,"column":12},"end":{"line":83,"column":35}},"18":{"start":{"line":92,"column":22},"end":{"line":92,"column":23}},"19":{"start":{"line":93,"column":8},"end":{"line":95,"column":11}},"20":{"start":{"line":94,"column":12},"end":{"line":94,"column":39}},"21":{"start":{"line":96,"column":8},"end":{"line":96,"column":49}},"22":{"start":{"line":104,"column":31},"end":{"line":104,"column":94}},"23":{"start":{"line":105,"column":26},"end":{"line":105,"column":83}},"24":{"start":{"line":106,"column":8},"end":{"line":106,"column":45}},"25":{"start":{"line":118,"column":33},"end":{"line":118,"column":50}},"26":{"start":{"line":120,"column":8},"end":{"line":123,"column":9}},"27":{"start":{"line":121,"column":12},"end":{"line":122,"column":57}},"28":{"start":{"line":125,"column":8},"end":{"line":128,"column":9}},"29":{"start":{"line":126,"column":12},"end":{"line":127,"column":57}},"30":{"start":{"line":130,"column":8},"end":{"line":130,"column":76}},"31":{"start":{"line":130,"column":60},"end":{"line":130,"column":74}},"32":{"start":{"line":131,"column":18},"end":{"line":131,"column":19}},"33":{"start":{"line":133,"column":8},"end":{"line":138,"column":9}},"34":{"start":{"line":134,"column":12},"end":{"line":136,"column":13}},"35":{"start":{"line":135,"column":16},"end":{"line":135,"column":78}},"36":{"start":{"line":137,"column":12},"end":{"line":137,"column":27}},"37":{"start":{"line":140,"column":8},"end":{"line":142,"column":9}},"38":{"start":{"line":141,"column":12},"end":{"line":141,"column":79}},"39":{"start":{"line":146,"column":8},"end":{"line":146,"column":34}},"40":{"start":{"line":158,"column":8},"end":{"line":160,"column":9}},"41":{"start":{"line":159,"column":12},"end":{"line":159,"column":63}},"42":{"start":{"line":161,"column":30},"end":{"line":161,"column":41}},"43":{"start":{"line":162,"column":30},"end":{"line":162,"column":49}},"44":{"start":{"line":164,"column":8},"end":{"line":168,"column":9}},"45":{"start":{"line":165,"column":30},"end":{"line":165,"column":80}},"46":{"start":{"line":166,"column":25},"end":{"line":166,"column":53}},"47":{"start":{"line":167,"column":12},"end":{"line":167,"column":41}},"48":{"start":{"line":169,"column":8},"end":{"line":169,"column":31}},"49":{"start":{"line":182,"column":33},"end":{"line":182,"column":58}},"50":{"start":{"line":183,"column":28},"end":{"line":183,"column":59}},"51":{"start":{"line":184,"column":32},"end":{"line":184,"column":63}},"52":{"start":{"line":185,"column":31},"end":{"line":185,"column":62}},"53":{"start":{"line":186,"column":33},"end":{"line":186,"column":89}},"54":{"start":{"line":188,"column":8},"end":{"line":190,"column":9}},"55":{"start":{"line":189,"column":12},"end":{"line":189,"column":65}},"56":{"start":{"line":191,"column":8},"end":{"line":193,"column":9}},"57":{"start":{"line":192,"column":12},"end":{"line":192,"column":61}},"58":{"start":{"line":194,"column":8},"end":{"line":196,"column":9}},"59":{"start":{"line":195,"column":12},"end":{"line":195,"column":63}},"60":{"start":{"line":197,"column":8},"end":{"line":199,"column":9}},"61":{"start":{"line":198,"column":12},"end":{"line":198,"column":65}},"62":{"start":{"line":202,"column":8},"end":{"line":231,"column":9}},"63":{"start":{"line":203,"column":26},"end":{"line":203,"column":44}},"64":{"start":{"line":204,"column":35},"end":{"line":204,"column":44}},"65":{"start":{"line":206,"column":12},"end":{"line":230,"column":13}},"66":{"start":{"line":207,"column":31},"end":{"line":207,"column":52}},"67":{"start":{"line":208,"column":31},"end":{"line":208,"column":46}},"68":{"start":{"line":209,"column":31},"end":{"line":209,"column":52}},"69":{"start":{"line":210,"column":31},"end":{"line":210,"column":49}},"70":{"start":{"line":213,"column":40},"end":{"line":213,"column":65}},"71":{"start":{"line":215,"column":46},"end":{"line":215,"column":71}},"72":{"start":{"line":217,"column":34},"end":{"line":217,"column":79}},"73":{"start":{"line":219,"column":38},"end":{"line":219,"column":98}},"74":{"start":{"line":221,"column":16},"end":{"line":221,"column":88}},"75":{"start":{"line":221,"column":50},"end":{"line":221,"column":86}},"76":{"start":{"line":223,"column":16},"end":{"line":223,"column":52}},"77":{"start":{"line":225,"column":16},"end":{"line":228,"column":17}},"78":{"start":{"line":227,"column":20},"end":{"line":227,"column":35}},"79":{"start":{"line":235,"column":0},"end":{"line":235,"column":20}}},"fnMap":{"0":{"name":"(anonymous_0)","decl":{"start":{"line":10,"column":4},"end":{"line":10,"column":5}},"loc":{"start":{"line":10,"column":26},"end":{"line":14,"column":5}},"line":10},"1":{"name":"(anonymous_1)","decl":{"start":{"line":20,"column":4},"end":{"line":20,"column":5}},"loc":{"start":{"line":20,"column":18},"end":{"line":22,"column":5}},"line":20},"2":{"name":"(anonymous_2)","decl":{"start":{"line":28,"column":4},"end":{"line":28,"column":5}},"loc":{"start":{"line":28,"column":19},"end":{"line":30,"column":5}},"line":28},"3":{"name":"(anonymous_3)","decl":{"start":{"line":36,"column":4},"end":{"line":36,"column":5}},"loc":{"start":{"line":36,"column":17},"end":{"line":38,"column":5}},"line":36},"4":{"name":"(anonymous_4)","decl":{"start":{"line":45,"column":4},"end":{"line":45,"column":5}},"loc":{"start":{"line":45,"column":22},"end":{"line":53,"column":5}},"line":45},"5":{"name":"(anonymous_5)","decl":{"start":{"line":59,"column":4},"end":{"line":59,"column":5}},"loc":{"start":{"line":59,"column":23},"end":{"line":61,"column":5}},"line":59},"6":{"name":"(anonymous_6)","decl":{"start":{"line":68,"column":4},"end":{"line":68,"column":5}},"loc":{"start":{"line":68,"column":22},"end":{"line":75,"column":5}},"line":68},"7":{"name":"(anonymous_7)","decl":{"start":{"line":81,"column":4},"end":{"line":81,"column":5}},"loc":{"start":{"line":81,"column":28},"end":{"line":85,"column":5}},"line":81},"8":{"name":"(anonymous_8)","decl":{"start":{"line":91,"column":4},"end":{"line":91,"column":5}},"loc":{"start":{"line":91,"column":28},"end":{"line":97,"column":5}},"line":91},"9":{"name":"(anonymous_9)","decl":{"start":{"line":93,"column":33},"end":{"line":93,"column":34}},"loc":{"start":{"line":93,"column":44},"end":{"line":95,"column":9}},"line":93},"10":{"name":"(anonymous_10)","decl":{"start":{"line":103,"column":4},"end":{"line":103,"column":5}},"loc":{"start":{"line":103,"column":33},"end":{"line":107,"column":5}},"line":103},"11":{"name":"(anonymous_11)","decl":{"start":{"line":116,"column":4},"end":{"line":116,"column":5}},"loc":{"start":{"line":116,"column":32},"end":{"line":147,"column":5}},"line":116},"12":{"name":"(anonymous_12)","decl":{"start":{"line":130,"column":52},"end":{"line":130,"column":53}},"loc":{"start":{"line":130,"column":60},"end":{"line":130,"column":74}},"line":130},"13":{"name":"(anonymous_13)","decl":{"start":{"line":156,"column":4},"end":{"line":156,"column":5}},"loc":{"start":{"line":156,"column":57},"end":{"line":170,"column":5}},"line":156},"14":{"name":"(anonymous_14)","decl":{"start":{"line":181,"column":4},"end":{"line":181,"column":5}},"loc":{"start":{"line":181,"column":78},"end":{"line":232,"column":5}},"line":181},"15":{"name":"(anonymous_15)","decl":{"start":{"line":207,"column":21},"end":{"line":207,"column":22}},"loc":{"start":{"line":207,"column":31},"end":{"line":207,"column":52}},"line":207},"16":{"name":"(anonymous_16)","decl":{"start":{"line":208,"column":21},"end":{"line":208,"column":22}},"loc":{"start":{"line":208,"column":31},"end":{"line":208,"column":46}},"line":208},"17":{"name":"(anonymous_17)","decl":{"start":{"line":209,"column":21},"end":{"line":209,"column":22}},"loc":{"start":{"line":209,"column":31},"end":{"line":209,"column":52}},"line":209},"18":{"name":"(anonymous_18)","decl":{"start":{"line":210,"column":21},"end":{"line":210,"column":22}},"loc":{"start":{"line":210,"column":31},"end":{"line":210,"column":49}},"line":210},"19":{"name":"(anonymous_19)","decl":{"start":{"line":221,"column":40},"end":{"line":221,"column":41}},"loc":{"start":{"line":221,"column":50},"end":{"line":221,"column":86}},"line":221}},"branchMap":{"0":{"loc":{"start":{"line":48,"column":12},"end":{"line":50,"column":13}},"type":"if","locations":[{"start":{"line":48,"column":12},"end":{"line":50,"column":13}},{"start":{"line":48,"column":12},"end":{"line":50,"column":13}}],"line":48},"1":{"loc":{"start":{"line":69,"column":8},"end":{"line":73,"column":9}},"type":"if","locations":[{"start":{"line":69,"column":8},"end":{"line":73,"column":9}},{"start":{"line":69,"column":8},"end":{"line":73,"column":9}}],"line":69},"2":{"loc":{"start":{"line":120,"column":8},"end":{"line":123,"column":9}},"type":"if","locations":[{"start":{"line":120,"column":8},"end":{"line":123,"column":9}},{"start":{"line":120,"column":8},"end":{"line":123,"column":9}}],"line":120},"3":{"loc":{"start":{"line":125,"column":8},"end":{"line":128,"column":9}},"type":"if","locations":[{"start":{"line":125,"column":8},"end":{"line":128,"column":9}},{"start":{"line":125,"column":8},"end":{"line":128,"column":9}}],"line":125},"4":{"loc":{"start":{"line":134,"column":12},"end":{"line":136,"column":13}},"type":"if","locations":[{"start":{"line":134,"column":12},"end":{"line":136,"column":13}},{"start":{"line":134,"column":12},"end":{"line":136,"column":13}}],"line":134},"5":{"loc":{"start":{"line":140,"column":8},"end":{"line":142,"column":9}},"type":"if","locations":[{"start":{"line":140,"column":8},"end":{"line":142,"column":9}},{"start":{"line":140,"column":8},"end":{"line":142,"column":9}}],"line":140},"6":{"loc":{"start":{"line":158,"column":8},"end":{"line":160,"column":9}},"type":"if","locations":[{"start":{"line":158,"column":8},"end":{"line":160,"column":9}},{"start":{"line":158,"column":8},"end":{"line":160,"column":9}}],"line":158},"7":{"loc":{"start":{"line":188,"column":8},"end":{"line":190,"column":9}},"type":"if","locations":[{"start":{"line":188,"column":8},"end":{"line":190,"column":9}},{"start":{"line":188,"column":8},"end":{"line":190,"column":9}}],"line":188},"8":{"loc":{"start":{"line":191,"column":8},"end":{"line":193,"column":9}},"type":"if","locations":[{"start":{"line":191,"column":8},"end":{"line":193,"column":9}},{"start":{"line":191,"column":8},"end":{"line":193,"column":9}}],"line":191},"9":{"loc":{"start":{"line":194,"column":8},"end":{"line":196,"column":9}},"type":"if","locations":[{"start":{"line":194,"column":8},"end":{"line":196,"column":9}},{"start":{"line":194,"column":8},"end":{"line":196,"column":9}}],"line":194},"10":{"loc":{"start":{"line":197,"column":8},"end":{"line":199,"column":9}},"type":"if","locations":[{"start":{"line":197,"column":8},"end":{"line":199,"column":9}},{"start":{"line":197,"column":8},"end":{"line":199,"column":9}}],"line":197},"11":{"loc":{"start":{"line":225,"column":16},"end":{"line":228,"column":17}},"type":"if","locations":[{"start":{"line":225,"column":16},"end":{"line":228,"column":17}},{"start":{"line":225,"column":16},"end":{"line":228,"column":17}}],"line":225},"12":{"loc":{"start":{"line":225,"column":20},"end":{"line":225,"column":86}},"type":"binary-expr","locations":[{"start":{"line":225,"column":20},"end":{"line":225,"column":49}},{"start":{"line":225,"column":53},"end":{"line":225,"column":86}}],"line":225}},"s":{"0":1286,"1":1286,"2":1286,"3":0,"4":0,"5":0,"6":14113,"7":70527,"8":7,"9":14106,"10":0,"11":14113,"12":14106,"13":14106,"14":14106,"15":7,"16":5132,"17":14113,"18":0,"19":0,"20":0,"21":0,"22":10,"23":10,"24":10,"25":10,"26":10,"27":0,"28":10,"29":0,"30":10,"31":30,"32":10,"33":10,"34":30,"35":0,"36":30,"37":10,"38":0,"39":10,"40":5132,"41":0,"42":5132,"43":5132,"44":5132,"45":14113,"46":14113,"47":14113,"48":5132,"49":10,"50":10,"51":10,"52":10,"53":10,"54":10,"55":0,"56":10,"57":0,"58":10,"59":0,"60":10,"61":0,"62":10,"63":1283,"64":1283,"65":1283,"66":23069623,"67":23069623,"68":23069623,"69":23069623,"70":5132,"71":5132,"72":5132,"73":5132,"74":5132,"75":14113,"76":5132,"77":5132,"78":10,"79":1},"f":{"0":1286,"1":0,"2":0,"3":0,"4":14113,"5":0,"6":14113,"7":5132,"8":0,"9":0,"10":10,"11":10,"12":30,"13":5132,"14":10,"15":23069623,"16":23069623,"17":23069623,"18":23069623,"19":14113},"b":{"0":[7,70520],"1":[14106,7],"2":[0,10],"3":[0,10],"4":[0,30],"5":[0,10],"6":[0,5132],"7":[0,10],"8":[0,10],"9":[0,10],"10":[0,10],"11":[10,5122],"12":[5132,17]},"_coverageSchema":"332fd63041d2c1bcb487cc26dd0d5f7d97098a6c","hash":"134db57f18fc2a77b58eedd179aea479c7a01019"}
}
