TN:
SF:C:\xampp\htdocs\FloridaDAW\2Daw\ClienteTesting\buggy_code\app\data\dataset_utils.js
FN:81,isForward
FN:103,isBack
FN:121,isMidfielder
FN:145,isGoalKeeper
FNF:4
FNH:4
FNDA:49,isForward
FNDA:53,isBack
FNDA:97,isMidfielder
FNDA:49,isGoalKeeper
DA:4,3
DA:83,49
DA:89,15
DA:91,34
DA:104,53
DA:111,8
DA:113,45
DA:122,97
DA:135,88
DA:137,9
DA:146,49
DA:147,1
DA:148,48
DA:149,0
DA:151,48
DA:154,3
DA:155,3
DA:156,3
DA:157,3
DA:158,3
LF:20
LH:19
BRDA:83,0,0,15
BRDA:83,0,1,34
BRDA:83,1,0,49
BRDA:83,1,1,49
BRDA:83,1,2,49
BRDA:83,1,3,49
BRDA:83,1,4,34
BRDA:83,1,5,34
BRDA:104,2,0,8
BRDA:104,2,1,45
BRDA:104,3,0,53
BRDA:104,3,1,45
BRDA:104,3,2,45
BRDA:104,3,3,45
BRDA:104,3,4,45
BRDA:104,3,5,45
BRDA:104,3,6,45
BRDA:122,4,0,88
BRDA:122,4,1,9
BRDA:122,5,0,97
BRDA:122,5,1,97
BRDA:122,5,2,97
BRDA:122,5,3,87
BRDA:122,5,4,87
BRDA:122,5,5,87
BRDA:122,5,6,87
BRDA:122,5,7,87
BRDA:122,5,8,87
BRDA:122,5,9,87
BRDA:122,5,10,87
BRDA:122,5,11,87
BRDA:122,5,12,63
BRDA:146,6,0,1
BRDA:146,6,1,48
BRDA:148,7,0,0
BRDA:148,7,1,48
BRDA:148,8,0,48
BRDA:148,8,1,4
BRDA:148,8,2,0
BRF:39
BRH:37
end_of_record
TN:
SF:C:\xampp\htdocs\FloridaDAW\2Daw\ClienteTesting\buggy_code\app\data\json_reader.js
FN:11,extractDataFromRawJSON
FN:27,readJSONData
FNF:2
FNH:2
FNDA:13,extractDataFromRawJSON
FNDA:19,readJSONData
DA:1,3
DA:2,3
DA:3,3
DA:4,3
DA:12,13
DA:13,13
DA:14,47
DA:15,47
DA:16,47
DA:18,13
DA:28,19
DA:29,19
DA:30,19
DA:33,2
DA:34,1
DA:36,1
DA:38,17
DA:41,3
DA:42,3
LF:19
LH:19
BRDA:33,0,0,1
BRDA:33,0,1,1
BRF:2
BRH:2
end_of_record
TN:
SF:C:\xampp\htdocs\FloridaDAW\2Daw\ClienteTesting\buggy_code\app\data\league.js
FN:11,(anonymous_0)
FN:23,(anonymous_1)
FN:36,(anonymous_2)
FN:49,(anonymous_3)
FN:59,(anonymous_4)
FNF:5
FNH:2
FNDA:2,(anonymous_0)
FNDA:1,(anonymous_1)
FNDA:0,(anonymous_2)
FNDA:0,(anonymous_3)
FNDA:0,(anonymous_4)
DA:1,1
DA:12,2
DA:13,2
DA:14,2
DA:15,2
DA:24,1
DA:25,0
DA:27,1
DA:37,0
DA:51,0
DA:52,0
DA:55,0
DA:56,0
DA:57,0
DA:59,0
DA:61,0
DA:63,0
DA:65,0
DA:67,0
DA:71,1
LF:20
LH:8
BRDA:24,0,0,0
BRDA:24,0,1,1
BRDA:51,1,0,0
BRDA:51,1,1,0
BRF:4
BRH:1
end_of_record
TN:
SF:C:\xampp\htdocs\FloridaDAW\2Daw\ClienteTesting\buggy_code\app\data\player.js
FN:16,(anonymous_0)
FN:26,(anonymous_1)
FN:62,(anonymous_2)
FN:70,(anonymous_3)
FN:78,(anonymous_4)
FN:86,(anonymous_5)
FN:94,(anonymous_6)
FN:102,(anonymous_7)
FN:110,(anonymous_8)
FN:118,(anonymous_9)
FN:126,(anonymous_10)
FN:134,(anonymous_11)
FN:142,(anonymous_12)
FN:151,(anonymous_13)
FNF:14
FNH:14
FNDA:49,(anonymous_0)
FNDA:49,(anonymous_1)
FNDA:1,(anonymous_2)
FNDA:2,(anonymous_3)
FNDA:2,(anonymous_4)
FNDA:2,(anonymous_5)
FNDA:6,(anonymous_6)
FNDA:2,(anonymous_7)
FNDA:2,(anonymous_8)
FNDA:2,(anonymous_9)
FNDA:3,(anonymous_10)
FNDA:11,(anonymous_11)
FNDA:2,(anonymous_12)
FNDA:5,(anonymous_13)
DA:1,3
DA:2,3
DA:3,3
DA:4,3
DA:5,3
DA:6,3
DA:17,49
DA:28,49
DA:29,49
DA:30,49
DA:31,49
DA:32,49
DA:33,49
DA:34,49
DA:36,49
DA:37,49
DA:38,49
DA:39,49
DA:40,260
DA:41,147
DA:42,260
DA:43,49
DA:45,211
DA:47,49
DA:48,49
DA:49,49
DA:50,49
DA:51,49
DA:52,49
DA:53,49
DA:63,1
DA:71,2
DA:79,2
DA:87,2
DA:95,6
DA:103,2
DA:111,2
DA:119,2
DA:127,3
DA:135,11
DA:143,2
DA:152,5
DA:153,2
DA:155,3
DA:159,3
LF:45
LH:45
BRDA:40,0,0,147
BRDA:40,0,1,113
BRDA:40,1,0,260
BRDA:40,1,1,211
BRDA:40,1,2,162
BRDA:40,1,3,162
BRDA:42,2,0,49
BRDA:42,2,1,211
BRDA:152,3,0,2
BRDA:152,3,1,3
BRDA:152,4,0,5
BRDA:152,4,1,5
BRF:12
BRH:12
end_of_record
TN:
SF:C:\xampp\htdocs\FloridaDAW\2Daw\ClienteTesting\buggy_code\app\data\team.js
FN:10,(anonymous_0)
FN:20,(anonymous_1)
FN:28,(anonymous_2)
FN:36,(anonymous_3)
FN:45,(anonymous_4)
FN:59,(anonymous_5)
FN:68,(anonymous_6)
FN:81,(anonymous_7)
FN:91,(anonymous_8)
FN:93,(anonymous_9)
FN:103,(anonymous_10)
FN:116,(anonymous_11)
FN:130,(anonymous_12)
FN:156,(anonymous_13)
FN:180,(anonymous_14)
FN:207,(anonymous_15)
FN:208,(anonymous_16)
FN:209,(anonymous_17)
FN:210,(anonymous_18)
FN:220,(anonymous_19)
FNF:20
FNH:14
FNDA:3,(anonymous_0)
FNDA:1,(anonymous_1)
FNDA:2,(anonymous_2)
FNDA:2,(anonymous_3)
FNDA:5,(anonymous_4)
FNDA:1,(anonymous_5)
FNDA:4,(anonymous_6)
FNDA:1,(anonymous_7)
FNDA:1,(anonymous_8)
FNDA:3,(anonymous_9)
FNDA:1,(anonymous_10)
FNDA:3,(anonymous_11)
FNDA:9,(anonymous_12)
FNDA:2,(anonymous_13)
FNDA:0,(anonymous_14)
FNDA:0,(anonymous_15)
FNDA:0,(anonymous_16)
FNDA:0,(anonymous_17)
FNDA:0,(anonymous_18)
FNDA:0,(anonymous_19)
DA:11,3
DA:12,3
DA:13,3
DA:21,1
DA:29,2
DA:37,2
DA:47,5
DA:48,4
DA:49,1
DA:52,4
DA:60,1
DA:69,4
DA:70,4
DA:71,4
DA:72,4
DA:74,0
DA:82,1
DA:83,3
DA:92,1
DA:93,1
DA:94,3
DA:96,1
DA:104,1
DA:105,1
DA:106,1
DA:118,3
DA:120,3
DA:121,0
DA:125,3
DA:126,0
DA:130,9
DA:131,3
DA:133,3
DA:134,9
DA:135,1
DA:137,8
DA:140,2
DA:141,1
DA:146,1
DA:157,2
DA:158,1
DA:160,1
DA:161,1
DA:163,1
DA:164,2
DA:165,2
DA:166,2
DA:168,1
DA:181,0
DA:182,0
DA:183,0
DA:184,0
DA:185,0
DA:186,0
DA:187,0
DA:189,0
DA:190,0
DA:192,0
DA:193,0
DA:195,0
DA:196,0
DA:201,0
DA:202,0
DA:204,0
DA:206,0
DA:207,0
DA:208,0
DA:209,0
DA:210,0
DA:212,0
DA:214,0
DA:216,0
DA:218,0
DA:220,0
DA:222,0
DA:232,2
LF:76
LH:46
BRDA:48,0,0,1
BRDA:48,0,1,3
BRDA:69,1,0,4
BRDA:69,1,1,0
BRDA:120,2,0,0
BRDA:120,2,1,3
BRDA:125,3,0,0
BRDA:125,3,1,3
BRDA:134,4,0,1
BRDA:134,4,1,8
BRDA:140,5,0,1
BRDA:140,5,1,1
BRDA:157,6,0,1
BRDA:157,6,1,1
BRDA:186,7,0,0
BRDA:186,7,1,0
BRDA:189,8,0,0
BRDA:189,8,1,0
BRDA:192,9,0,0
BRDA:192,9,1,0
BRDA:195,10,0,0
BRDA:195,10,1,0
BRF:22
BRH:11
end_of_record
